<?xml version="1.0" encoding="UTF-8"?>
<!-- Generated by org.testng.reporters.JUnitReportReporter -->
<testsuite hostname="LTIN508596" failures="0" tests="3" name="testRunner.TestRunner" time="115.374" errors="0" timestamp="2024-04-18T22:29:38 IST" skipped="0">
  <testcase classname="testRunner.TestRunner" name="runScenario" time="42.727"/>
  <system-out/>
  <testcase classname="testRunner.TestRunner" name="runScenario" time="57.039"/>
  <system-out/>
  <testcase classname="testRunner.TestRunner" name="runScenario" time="15.608"/>
  <system-out/>
</testsuite> <!-- testRunner.TestRunner -->
